Starting application
Event loop created
Running event loop
resumed() called - creating window
Window created
Window created successfully
Creating render state and egui components
Loaded Bengali font from: C:\Windows\Fonts\Nirmala.ttc
Render state stored in AppRunner
Event loop exited
Starting application
Event loop created
Running event loop
resumed() called - creating window
Window created
Window created successfully
Creating render state and egui components
Loaded Bengali font from: C:\Windows\Fonts\Nirmala.ttc
Render state stored in AppRunner
Event loop exited
Starting application
Event loop created
Running event loop
resumed() called - creating window
Window created
Window created successfully
Creating render state and egui components
Loaded Bengali font from: C:\Windows\Fonts\Nirmala.ttc
Render state stored in AppRunner
Event loop exited
Starting application
Event loop created
Running event loop
resumed() called - creating window
Window created
Window created successfully
Creating render state and egui components
Loaded Bengali font from: C:\Windows\Fonts\Nirmala.ttc
Render state stored in AppRunner
Event loop exited
Starting application
Event loop created
Running event loop
resumed() called - creating window
Window created
Window created successfully
Creating render state and egui components
Loaded Bengali font from: C:\Windows\Fonts\Nirmala.ttc
Render state stored in AppRunner
Event loop exited
Starting application
Event loop created
Running event loop
resumed() called - creating window
Window created
Window created successfully
Creating render state and egui components
Loaded Bengali font from: C:\Windows\Fonts\Nirmala.ttc
Render state stored in AppRunner
Event loop exited
Starting application
Event loop created
Running event loop
resumed() called - creating window
Window created
Window created successfully
Creating render state and egui components
Loaded Bengali font from: C:\Windows\Fonts\Nirmala.ttc
Render state stored in AppRunner
Event loop exited
Starting application
Event loop created
Running event loop
resumed() called - creating window
Window created
Window created successfully
Creating render state and egui components
Loaded Bengali font from: C:\Windows\Fonts\Nirmala.ttc
Render state stored in AppRunner
Event loop exited
Starting application
Event loop created
Running event loop
resumed() called - creating window
Window created
Window created successfully
Creating render state and egui components
Loaded Bengali font from: C:\Windows\Fonts\Nirmala.ttc
Render state stored in AppRunner
Event loop exited
Starting application
Event loop created
Running event loop
resumed() called - creating window
Window created
Window created successfully
Creating render state and egui components
Loaded Bengali font from: C:\Windows\Fonts\Nirmala.ttc
Render state stored in AppRunner
Event loop exited
Starting application
Event loop created
Running event loop
resumed() called - creating window
Window created
Window created successfully
Creating render state and egui components
Loaded Bengali font from: C:\Windows\Fonts\Nirmala.ttc
Render state stored in AppRunner
Event loop exited
